2023-07-15 21:44:07 - INFO - producer - Kafka Producer Client Init Successfully
2023-07-15 21:44:07 - INFO - producer - Produced message on topic user-tracker with value of {"user_id": 93509, "user_name": "Claudia Parker", "user_address": "743 Patrick Prairie | South Richardbury | BA", "platform": "Laptop", "signup_at": "2023-07-10 19:59:19"}

2023-07-15 21:44:07 - INFO - producer - Produced message on topic user-tracker with value of {"user_id": 86973, "user_name": "John Reed", "user_address": "91671 Heather Island Apt. 295 | North Michaelhaven | NG", "platform": "Laptop", "signup_at": "2023-07-13 19:07:50"}

2023-07-15 21:44:07 - INFO - producer - Produced message on topic user-tracker with value of {"user_id": 54577, "user_name": "Carol Torres", "user_address": "726 Susan Springs Apt. 305 | Andersonville | CH", "platform": "Mobile", "signup_at": "2023-07-13 20:23:32"}

2023-07-15 21:44:07 - INFO - producer - Produced message on topic user-tracker with value of {"user_id": 74055, "user_name": "Jessica Fitzgerald", "user_address": "388 Grace Springs | Garciaberg | TH", "platform": "Laptop", "signup_at": "2023-07-13 04:59:04"}

2023-07-15 21:44:07 - INFO - producer - Produced message on topic user-tracker with value of {"user_id": 63474, "user_name": "Heather Pierce", "user_address": "013 Jordan Mews | Lake Janiceview | MA", "platform": "Tablet", "signup_at": "2023-07-14 21:01:40"}

2023-07-15 21:44:07 - INFO - producer - Produced message on topic user-tracker with value of {"user_id": 77741, "user_name": "Shelly Smith", "user_address": "46015 Wright Mews | Perezshire | KG", "platform": "Mobile", "signup_at": "2023-07-06 10:09:01"}

2023-07-15 21:44:07 - INFO - producer - Produced message on topic user-tracker with value of {"user_id": 98600, "user_name": "Janet Owen", "user_address": "955 West Green Apt. 019 | Morrisonmouth | GM", "platform": "Laptop", "signup_at": "2023-07-03 23:30:15"}

2023-07-15 21:44:07 - INFO - producer - Produced message on topic user-tracker with value of {"user_id": 83939, "user_name": "Crystal Guzman", "user_address": "301 Henry Ports Apt. 328 | Valeriebury | LS", "platform": "Mobile", "signup_at": "2023-07-07 06:21:22"}

2023-07-15 21:44:07 - INFO - producer - Produced message on topic user-tracker with value of {"user_id": 95516, "user_name": "Matthew Sanchez", "user_address": "202 Boyd Stravenue Apt. 139 | Bakerside | PK", "platform": "Tablet", "signup_at": "2023-07-02 21:45:23"}

2023-07-15 21:44:07 - INFO - producer - Produced message on topic user-tracker with value of {"user_id": 34264, "user_name": "Bryan Smith", "user_address": "803 Cummings Islands Suite 289 | Lake Danielleland | FM", "platform": "Tablet", "signup_at": "2023-07-02 16:40:18"}

2023-07-15 21:44:07 - INFO - producer - Produced message on topic user-tracker with value of {"user_id": 72686, "user_name": "Laura Mason", "user_address": "081 Figueroa Springs | Fordview | MG", "platform": "Tablet", "signup_at": "2023-07-01 10:06:46"}

2023-07-15 21:44:07 - INFO - producer - Produced message on topic user-tracker with value of {"user_id": 48164, "user_name": "Jason Lopez", "user_address": "72989 Brandt Mount Suite 409 | South Jaclyntown | AL", "platform": "Tablet", "signup_at": "2023-07-07 08:14:05"}

2023-07-15 21:44:07 - INFO - producer - Produced message on topic user-tracker with value of {"user_id": 72451, "user_name": "John Rowe", "user_address": "8674 Harrison Neck | Hickston | TH", "platform": "Mobile", "signup_at": "2023-07-01 15:01:27"}

2023-07-15 21:44:07 - INFO - producer - Produced message on topic user-tracker with value of {"user_id": 64773, "user_name": "Emily Jones", "user_address": "604 Lewis Pines Apt. 929 | New Ashleyshire | PY", "platform": "Mobile", "signup_at": "2023-07-01 17:58:22"}

2023-07-15 21:44:07 - INFO - producer - Produced message on topic user-tracker with value of {"user_id": 99257, "user_name": "Brandon Sanchez", "user_address": "27035 Destiny Ville | Michaelmouth | BW", "platform": "Tablet", "signup_at": "2023-07-06 23:50:28"}

2023-07-15 21:44:07 - INFO - producer - Produced message on topic user-tracker with value of {"user_id": 95708, "user_name": "Johnny Olsen", "user_address": "4461 David Island Suite 830 | New Heatherview | SO", "platform": "Laptop", "signup_at": "2023-07-11 06:20:38"}

2023-07-15 21:44:07 - INFO - producer - Produced message on topic user-tracker with value of {"user_id": 59897, "user_name": "Katherine May", "user_address": "1272 John Trafficway Apt. 238 | Billychester | TZ", "platform": "Laptop", "signup_at": "2023-07-07 02:02:05"}

2023-07-15 21:44:07 - INFO - producer - Produced message on topic user-tracker with value of {"user_id": 98929, "user_name": "Victoria Martinez", "user_address": "5478 Crystal Village | Andersonborough | GW", "platform": "Tablet", "signup_at": "2023-07-06 06:21:45"}

2023-07-15 21:44:07 - INFO - producer - Produced message on topic user-tracker with value of {"user_id": 56236, "user_name": "Susan Hopkins", "user_address": "612 Harrell Rue | North Chad | CA", "platform": "Laptop", "signup_at": "2023-07-15 10:55:38"}

2023-07-15 21:44:07 - INFO - producer - Produced message on topic user-tracker with value of {"user_id": 27719, "user_name": "Brian Caldwell", "user_address": "3050 Edwards Plain | West Jason | TW", "platform": "Mobile", "signup_at": "2023-07-01 22:59:06"}

2023-07-15 21:44:07 - INFO - producer - Produced message on topic user-tracker with value of {"user_id": 56632, "user_name": "Jason Shaffer", "user_address": "47216 Rodriguez Radial | Jessehaven | MT", "platform": "Mobile", "signup_at": "2023-07-08 00:52:27"}

2023-07-15 21:44:07 - INFO - producer - Produced message on topic user-tracker with value of {"user_id": 31454, "user_name": "Nicole Bryant", "user_address": "4865 Hall Glen | Mistychester | WS", "platform": "Laptop", "signup_at": "2023-07-15 19:07:44"}

2023-07-15 21:44:07 - INFO - producer - Produced message on topic user-tracker with value of {"user_id": 25187, "user_name": "Jennifer Perez", "user_address": "674 Frederick Underpass | South Biancaland | CY", "platform": "Mobile", "signup_at": "2023-07-12 16:16:00"}

2023-07-15 21:44:07 - INFO - producer - Produced message on topic user-tracker with value of {"user_id": 49423, "user_name": "Nicole Smith", "user_address": "190 Smith Courts | New Richard | ZM", "platform": "Laptop", "signup_at": "2023-07-12 06:08:25"}

2023-07-15 21:44:07 - INFO - producer - Produced message on topic user-tracker with value of {"user_id": 79464, "user_name": "John Brooks", "user_address": "5803 Joseph Via Apt. 881 | North Jillfurt | PY", "platform": "Mobile", "signup_at": "2023-07-08 14:32:48"}

2023-07-15 21:44:07 - INFO - producer - Produced message on topic user-tracker with value of {"user_id": 57467, "user_name": "William Juarez", "user_address": "933 Gardner Forge | Shannonstad | NA", "platform": "Laptop", "signup_at": "2023-07-04 14:13:21"}

2023-07-15 21:44:07 - INFO - producer - Produced message on topic user-tracker with value of {"user_id": 50341, "user_name": "Jason Castaneda", "user_address": "113 Lopez Bridge | Bassstad | CL", "platform": "Mobile", "signup_at": "2023-07-08 14:09:52"}

2023-07-15 21:44:07 - INFO - producer - Produced message on topic user-tracker with value of {"user_id": 53306, "user_name": "Kristen Macdonald DDS", "user_address": "83070 White Knoll Suite 345 | Christopherburgh | CR", "platform": "Mobile", "signup_at": "2023-07-01 16:10:04"}

2023-07-15 21:44:07 - INFO - producer - Produced message on topic user-tracker with value of {"user_id": 49714, "user_name": "Alexandra Johnson", "user_address": "575 Jaime Row Apt. 972 | Donaldbury | BJ", "platform": "Tablet", "signup_at": "2023-07-02 08:21:32"}

2023-07-15 21:44:07 - INFO - producer - Produced message on topic user-tracker with value of {"user_id": 73698, "user_name": "Marcus Hickman", "user_address": "5242 Caroline Rapids Suite 536 | Arnoldberg | TV", "platform": "Laptop", "signup_at": "2023-07-04 14:39:35"}

2023-07-15 21:44:07 - INFO - producer - Produced message on topic user-tracker with value of {"user_id": 31821, "user_name": "Cassandra Frank DDS", "user_address": "3410 Nelson Mountains | New Paigechester | CV", "platform": "Mobile", "signup_at": "2023-07-06 09:22:02"}

2023-07-15 21:44:07 - INFO - producer - Produced message on topic user-tracker with value of {"user_id": 87506, "user_name": "Anita Sullivan", "user_address": "71219 Anderson Cliff | South Katelyn | CD", "platform": "Mobile", "signup_at": "2023-07-01 14:05:44"}

2023-07-15 21:44:07 - INFO - producer - Produced message on topic user-tracker with value of {"user_id": 85131, "user_name": "Olivia Brown", "user_address": "23631 Juan Road | Amandatown | MH", "platform": "Tablet", "signup_at": "2023-07-08 11:47:18"}

2023-07-15 21:44:07 - INFO - producer - Produced message on topic user-tracker with value of {"user_id": 60711, "user_name": "Larry Valentine", "user_address": "81668 Charles Summit | Lake Paul | MV", "platform": "Laptop", "signup_at": "2023-07-13 01:13:54"}

2023-07-15 21:44:07 - INFO - producer - Produced message on topic user-tracker with value of {"user_id": 67822, "user_name": "Justin Horton", "user_address": "108 Johnson Brooks Apt. 858 | New Kathleen | PA", "platform": "Laptop", "signup_at": "2023-07-04 11:08:58"}

2023-07-15 21:44:07 - INFO - producer - Produced message on topic user-tracker with value of {"user_id": 35307, "user_name": "Michelle Davis", "user_address": "624 Samantha Stream Apt. 981 | Port Howard | MU", "platform": "Laptop", "signup_at": "2023-07-14 17:59:01"}

2023-07-15 21:44:07 - INFO - producer - Produced message on topic user-tracker with value of {"user_id": 53028, "user_name": "Greg Keith", "user_address": "49012 Karen Light | Port Tracyshire | KZ", "platform": "Tablet", "signup_at": "2023-07-02 19:15:26"}

2023-07-15 21:44:07 - INFO - producer - Produced message on topic user-tracker with value of {"user_id": 49467, "user_name": "David Boone", "user_address": "3711 Alexandra Branch Apt. 370 | South Brianchester | ST", "platform": "Tablet", "signup_at": "2023-07-10 08:18:24"}

2023-07-15 21:44:07 - INFO - producer - Produced message on topic user-tracker with value of {"user_id": 36800, "user_name": "Nicholas Griffin", "user_address": "9376 Lee Streets | Port Justinview | SI", "platform": "Tablet", "signup_at": "2023-07-05 19:45:05"}

2023-07-15 21:44:07 - INFO - producer - Produced message on topic user-tracker with value of {"user_id": 82659, "user_name": "Kathleen Kim", "user_address": "869 Raven Meadow | South Rogerport | HT", "platform": "Mobile", "signup_at": "2023-07-08 22:36:25"}

2023-07-15 21:44:07 - INFO - producer - Produced message on topic user-tracker with value of {"user_id": 51219, "user_name": "Kimberly Woodward", "user_address": "38894 Elijah Cove | Odomstad | IS", "platform": "Mobile", "signup_at": "2023-07-10 10:53:48"}

2023-07-15 21:44:07 - INFO - producer - Produced message on topic user-tracker with value of {"user_id": 83120, "user_name": "Mark Gillespie", "user_address": "2926 Stephanie Tunnel Apt. 569 | Connerhaven | LB", "platform": "Tablet", "signup_at": "2023-07-12 16:44:24"}

2023-07-15 21:44:07 - INFO - producer - Produced message on topic user-tracker with value of {"user_id": 54578, "user_name": "Kelly Fuller", "user_address": "83293 Cruz Viaduct Suite 945 | Woodville | TR", "platform": "Tablet", "signup_at": "2023-07-07 04:16:20"}

2023-07-15 21:44:07 - INFO - producer - Produced message on topic user-tracker with value of {"user_id": 33742, "user_name": "Jeremy Hess", "user_address": "5950 Mendoza Parks | Hamiltonberg | NE", "platform": "Mobile", "signup_at": "2023-07-02 14:34:50"}

2023-07-15 21:44:07 - INFO - producer - Produced message on topic user-tracker with value of {"user_id": 80403, "user_name": "Michael Stephens", "user_address": "15096 Morris Glen | Coreyport | BR", "platform": "Mobile", "signup_at": "2023-07-15 19:20:23"}

2023-07-15 21:44:07 - INFO - producer - Produced message on topic user-tracker with value of {"user_id": 54692, "user_name": "Samuel Harper", "user_address": "209 Sara Hill Apt. 910 | Sarahborough | VE", "platform": "Mobile", "signup_at": "2023-07-03 07:24:04"}

2023-07-15 21:44:07 - INFO - producer - Produced message on topic user-tracker with value of {"user_id": 73697, "user_name": "George Rice", "user_address": "88084 Marsh Lights | Theresaville | UZ", "platform": "Tablet", "signup_at": "2023-07-14 02:56:40"}

2023-07-15 21:44:07 - INFO - producer - Produced message on topic user-tracker with value of {"user_id": 32615, "user_name": "Harold Jones", "user_address": "768 Jeremy Inlet Apt. 826 | West Cynthiaville | LS", "platform": "Mobile", "signup_at": "2023-07-05 02:17:20"}

2023-07-15 21:44:07 - INFO - producer - Produced message on topic user-tracker with value of {"user_id": 82085, "user_name": "Michael Thompson", "user_address": "1445 Sanchez Plaza Suite 661 | Wallerburgh | TD", "platform": "Mobile", "signup_at": "2023-07-11 09:50:24"}

2023-07-15 21:44:07 - INFO - producer - Produced message on topic user-tracker with value of {"user_id": 47256, "user_name": "Kevin Grant", "user_address": "417 Chen Meadows | Paulshire | SI", "platform": "Tablet", "signup_at": "2023-07-06 15:12:59"}

2023-07-15 21:44:07 - INFO - producer - Produced message on topic user-tracker with value of {"user_id": 92220, "user_name": "Jennifer Lee", "user_address": "0640 Rogers Orchard | New Aprilport | AF", "platform": "Laptop", "signup_at": "2023-07-13 01:52:04"}

2023-07-15 21:44:07 - INFO - producer - Produced message on topic user-tracker with value of {"user_id": 52588, "user_name": "Alan Stafford", "user_address": "390 Joshua Keys Suite 881 | New Angela | IL", "platform": "Mobile", "signup_at": "2023-07-10 07:43:56"}

2023-07-15 21:44:07 - INFO - producer - Produced message on topic user-tracker with value of {"user_id": 84613, "user_name": "Mary Hester", "user_address": "098 Bauer Motorway Suite 255 | Lake Amandaberg | MY", "platform": "Mobile", "signup_at": "2023-07-06 12:08:56"}

2023-07-15 21:44:07 - INFO - producer - Produced message on topic user-tracker with value of {"user_id": 44693, "user_name": "Jose Armstrong", "user_address": "2089 Alan Corner Suite 506 | Williamshaven | EG", "platform": "Tablet", "signup_at": "2023-07-12 09:58:53"}

2023-07-15 21:44:07 - INFO - producer - Produced message on topic user-tracker with value of {"user_id": 21211, "user_name": "Michael Turner", "user_address": "7544 Smith Parkway Apt. 427 | East Crystal | IL", "platform": "Tablet", "signup_at": "2023-07-05 12:04:16"}

2023-07-15 21:44:07 - INFO - producer - Produced message on topic user-tracker with value of {"user_id": 44940, "user_name": "Jennifer Walker", "user_address": "771 David Creek Suite 380 | North Kristenview | IL", "platform": "Tablet", "signup_at": "2023-07-02 00:31:42"}

2023-07-15 21:44:07 - INFO - producer - Produced message on topic user-tracker with value of {"user_id": 65895, "user_name": "Amanda Mccormick", "user_address": "31916 Patricia Manors | West Todd | CH", "platform": "Tablet", "signup_at": "2023-07-04 09:49:22"}

2023-07-15 21:44:07 - INFO - producer - Produced message on topic user-tracker with value of {"user_id": 70760, "user_name": "Alicia Snyder", "user_address": "522 Alexander Cliffs Apt. 309 | Mccallshire | CH", "platform": "Laptop", "signup_at": "2023-07-06 04:43:20"}

2023-07-15 21:44:07 - INFO - producer - Produced message on topic user-tracker with value of {"user_id": 72552, "user_name": "William Cherry", "user_address": "273 Miller Coves | South Maria | CG", "platform": "Mobile", "signup_at": "2023-07-02 01:11:26"}

2023-07-15 21:44:07 - INFO - producer - Produced message on topic user-tracker with value of {"user_id": 82043, "user_name": "Alex Vasquez", "user_address": "896 King Plains Apt. 265 | South Seanland | DM", "platform": "Laptop", "signup_at": "2023-07-05 11:51:54"}

2023-07-15 21:44:07 - INFO - producer - Produced message on topic user-tracker with value of {"user_id": 45183, "user_name": "Michael Watkins", "user_address": "980 Peterson Mission Suite 201 | North Jasonmouth | KZ", "platform": "Tablet", "signup_at": "2023-07-03 03:40:33"}

2023-07-15 21:44:07 - INFO - producer - Produced message on topic user-tracker with value of {"user_id": 59683, "user_name": "Tyler Brown", "user_address": "82696 Snow Skyway | Baldwinland | GN", "platform": "Mobile", "signup_at": "2023-07-02 09:46:50"}

2023-07-15 21:44:07 - INFO - producer - Produced message on topic user-tracker with value of {"user_id": 96446, "user_name": "Shawn Henry", "user_address": "2282 Thompson Cove | Kevinshire | PY", "platform": "Mobile", "signup_at": "2023-07-15 16:20:00"}

2023-07-15 21:44:07 - INFO - producer - Produced message on topic user-tracker with value of {"user_id": 92514, "user_name": "Ronald Armstrong", "user_address": "73898 Billy Station | Torresmouth | SE", "platform": "Laptop", "signup_at": "2023-07-03 22:33:56"}

2023-07-15 21:44:07 - INFO - producer - Produced message on topic user-tracker with value of {"user_id": 92775, "user_name": "Angela Jones", "user_address": "9516 Patrick Court Suite 561 | Quinnstad | KE", "platform": "Mobile", "signup_at": "2023-07-07 05:20:27"}

2023-07-15 21:44:07 - INFO - producer - Produced message on topic user-tracker with value of {"user_id": 83702, "user_name": "Richard Griffith", "user_address": "2122 Joseph Springs Apt. 410 | West Jessica | BF", "platform": "Laptop", "signup_at": "2023-07-05 06:45:21"}

2023-07-15 21:44:07 - INFO - producer - Produced message on topic user-tracker with value of {"user_id": 72762, "user_name": "Cynthia Mcgee", "user_address": "27865 Choi Groves Suite 294 | Port Michelle | AR", "platform": "Mobile", "signup_at": "2023-07-06 19:48:12"}

2023-07-15 21:44:07 - INFO - producer - Produced message on topic user-tracker with value of {"user_id": 92255, "user_name": "Carrie Sellers", "user_address": "57323 Soto Station Apt. 600 | Thomasburgh | ME", "platform": "Tablet", "signup_at": "2023-07-08 04:16:35"}

2023-07-15 21:44:07 - INFO - producer - Produced message on topic user-tracker with value of {"user_id": 50648, "user_name": "Tyler Alexander", "user_address": "36045 Hernandez Station | Brendaberg | LC", "platform": "Tablet", "signup_at": "2023-07-08 14:15:37"}

2023-07-15 21:44:07 - INFO - producer - Produced message on topic user-tracker with value of {"user_id": 95405, "user_name": "Luke Campbell", "user_address": "95010 Dale Gardens Apt. 584 | Lyonsland | PA", "platform": "Laptop", "signup_at": "2023-07-02 05:42:34"}

2023-07-15 21:44:07 - INFO - producer - Produced message on topic user-tracker with value of {"user_id": 33949, "user_name": "Mary Gardner", "user_address": "726 Robert Loop | Amyfurt | BO", "platform": "Tablet", "signup_at": "2023-07-05 06:51:26"}

2023-07-15 21:44:07 - INFO - producer - Produced message on topic user-tracker with value of {"user_id": 78601, "user_name": "Jason Roberts", "user_address": "29622 Jeffrey Drive Apt. 901 | South Mariahshire | AO", "platform": "Tablet", "signup_at": "2023-07-12 17:10:21"}

2023-07-15 21:44:07 - INFO - producer - Produced message on topic user-tracker with value of {"user_id": 40998, "user_name": "Victoria Young", "user_address": "046 Neal Turnpike | Hawkinshaven | MH", "platform": "Tablet", "signup_at": "2023-07-12 15:23:28"}

2023-07-15 21:44:07 - INFO - producer - Produced message on topic user-tracker with value of {"user_id": 78893, "user_name": "Tammy Johnson", "user_address": "6310 Allen Orchard | New Amy | LU", "platform": "Laptop", "signup_at": "2023-07-04 17:41:13"}

2023-07-15 21:44:07 - INFO - producer - Produced message on topic user-tracker with value of {"user_id": 93100, "user_name": "Robert Maddox", "user_address": "1904 Kayla Grove | Ortegachester | MT", "platform": "Laptop", "signup_at": "2023-07-02 13:36:44"}

2023-07-15 21:44:07 - INFO - producer - Produced message on topic user-tracker with value of {"user_id": 38190, "user_name": "Noah Garcia", "user_address": "212 Joseph Harbors Suite 214 | South Dylanhaven | IT", "platform": "Mobile", "signup_at": "2023-07-11 21:39:36"}

2023-07-15 21:44:07 - INFO - producer - Produced message on topic user-tracker with value of {"user_id": 28283, "user_name": "Angelica Ortiz", "user_address": "497 Ruth Canyon Apt. 547 | Eatonville | BT", "platform": "Mobile", "signup_at": "2023-07-12 08:19:51"}

2023-07-15 21:44:07 - INFO - producer - Produced message on topic user-tracker with value of {"user_id": 74261, "user_name": "Stephanie Marshall", "user_address": "7488 Barry Canyon Suite 087 | North David | TG", "platform": "Mobile", "signup_at": "2023-07-06 05:21:07"}

2023-07-15 21:44:07 - INFO - producer - Produced message on topic user-tracker with value of {"user_id": 34733, "user_name": "John Hansen", "user_address": "8767 David Harbor Apt. 614 | North Anthonyfort | SY", "platform": "Tablet", "signup_at": "2023-07-05 02:16:54"}

2023-07-15 21:44:07 - INFO - producer - Produced message on topic user-tracker with value of {"user_id": 64892, "user_name": "Andrea Lawson", "user_address": "570 Haley Inlet | Kristiehaven | MW", "platform": "Mobile", "signup_at": "2023-07-14 07:15:36"}

2023-07-15 21:44:07 - INFO - producer - Produced message on topic user-tracker with value of {"user_id": 82841, "user_name": "Richard Mendoza", "user_address": "0402 Moon Mission | Cooperfurt | TJ", "platform": "Tablet", "signup_at": "2023-07-05 17:33:35"}

2023-07-15 21:44:07 - INFO - producer - Produced message on topic user-tracker with value of {"user_id": 88610, "user_name": "Troy Cervantes", "user_address": "6705 Terry Court | South Frederickfort | NE", "platform": "Mobile", "signup_at": "2023-07-13 17:57:20"}

2023-07-15 21:44:07 - INFO - producer - Produced message on topic user-tracker with value of {"user_id": 32042, "user_name": "Andrew Robinson", "user_address": "217 Melissa Roads Apt. 403 | East Katie | ES", "platform": "Mobile", "signup_at": "2023-07-06 11:10:57"}

2023-07-15 21:44:07 - INFO - producer - Produced message on topic user-tracker with value of {"user_id": 67268, "user_name": "Erica Scott", "user_address": "1250 Morrison Vista | Snowfort | AZ", "platform": "Tablet", "signup_at": "2023-07-06 21:00:49"}

2023-07-15 21:44:07 - INFO - producer - Produced message on topic user-tracker with value of {"user_id": 25837, "user_name": "Lori James", "user_address": "3377 Douglas Burgs Suite 298 | Port Samuel | GN", "platform": "Tablet", "signup_at": "2023-07-11 02:44:16"}

2023-07-15 21:44:07 - INFO - producer - Produced message on topic user-tracker with value of {"user_id": 47989, "user_name": "Mark Smith", "user_address": "657 Caleb Ridges Suite 994 | Pattersonburgh | TN", "platform": "Mobile", "signup_at": "2023-07-01 19:32:42"}

2023-07-15 21:44:07 - INFO - producer - Produced message on topic user-tracker with value of {"user_id": 52478, "user_name": "Jennifer Valdez", "user_address": "33038 Suzanne Wells | South Edwin | BB", "platform": "Laptop", "signup_at": "2023-07-14 10:35:21"}

2023-07-15 21:44:07 - INFO - producer - Produced message on topic user-tracker with value of {"user_id": 66160, "user_name": "Michelle Thompson", "user_address": "5661 Jennifer Forest | East Levi | VU", "platform": "Mobile", "signup_at": "2023-07-05 04:43:00"}

2023-07-15 21:44:07 - INFO - producer - Produced message on topic user-tracker with value of {"user_id": 85830, "user_name": "Rebecca Velasquez", "user_address": "390 Parker Lakes | Montgomeryshire | IL", "platform": "Tablet", "signup_at": "2023-07-12 22:40:16"}

2023-07-15 21:44:07 - INFO - producer - Produced message on topic user-tracker with value of {"user_id": 92782, "user_name": "Katherine Gallagher", "user_address": "70684 Freeman Mountain | Lake Jason | TR", "platform": "Mobile", "signup_at": "2023-07-07 17:28:05"}

2023-07-15 21:44:07 - INFO - producer - Produced message on topic user-tracker with value of {"user_id": 25012, "user_name": "Jason May", "user_address": "821 Anthony Islands Apt. 355 | Christianborough | TD", "platform": "Mobile", "signup_at": "2023-07-02 02:15:22"}

2023-07-15 21:44:07 - INFO - producer - Produced message on topic user-tracker with value of {"user_id": 22321, "user_name": "Stacy Davis", "user_address": "9168 Kimberly Oval | Carolburgh | LI", "platform": "Laptop", "signup_at": "2023-07-06 15:52:53"}

2023-07-15 21:44:07 - INFO - producer - Produced message on topic user-tracker with value of {"user_id": 87798, "user_name": "Traci Phillips", "user_address": "00976 William Streets Apt. 184 | Moorefurt | VE", "platform": "Mobile", "signup_at": "2023-07-09 14:14:15"}

2023-07-15 21:44:07 - INFO - producer - Produced message on topic user-tracker with value of {"user_id": 73946, "user_name": "Cassandra Martin", "user_address": "4087 Paul Light Apt. 892 | Blackburnfort | MC", "platform": "Laptop", "signup_at": "2023-07-10 08:47:36"}

2023-07-15 21:44:07 - INFO - producer - Produced message on topic user-tracker with value of {"user_id": 76396, "user_name": "Brian King", "user_address": "5535 Monica Pine | Garciamouth | CV", "platform": "Laptop", "signup_at": "2023-07-06 02:31:52"}

2023-07-15 21:44:07 - INFO - producer - Produced message on topic user-tracker with value of {"user_id": 81663, "user_name": "Melissa Kline", "user_address": "868 Heather Pike Apt. 026 | Juanburgh | FR", "platform": "Tablet", "signup_at": "2023-07-03 03:18:16"}

2023-07-15 21:44:07 - INFO - producer - Produced message on topic user-tracker with value of {"user_id": 77409, "user_name": "Brent Jefferson", "user_address": "6882 Thomas Isle | West Kristineshire | ID", "platform": "Mobile", "signup_at": "2023-07-02 18:57:09"}

2023-07-15 21:44:07 - INFO - producer - Produced message on topic user-tracker with value of {"user_id": 56016, "user_name": "Tony Gonzalez", "user_address": "156 Earl Gardens Apt. 373 | Jamesmouth | TV", "platform": "Mobile", "signup_at": "2023-07-02 01:06:57"}

2023-07-15 21:44:07 - INFO - producer - Produced message on topic user-tracker with value of {"user_id": 64629, "user_name": "Brandon Smith", "user_address": "53658 Carpenter Landing | Lake Stacie | ES", "platform": "Laptop", "signup_at": "2023-07-07 09:41:09"}

2023-07-15 21:44:07 - INFO - producer - Produced message on topic user-tracker with value of {"user_id": 91378, "user_name": "Crystal Lewis", "user_address": "037 Lee Loaf Suite 743 | New Timothy | LV", "platform": "Laptop", "signup_at": "2023-07-09 20:11:25"}

